<?xml version="1.0" encoding="UTF-8"?>
<!-- Generated by org.testng.reporters.JUnitReportReporter -->
<testsuite skipped="1" hostname="WIN-NFDCINOH1RK" name="data.driven.test.readWriteExcelLoopDemo" tests="1" failures="0" timestamp="2020-06-17T07:28:23 UTC" time="0.000" errors="0">
  <testcase name="ReadWrite" time="0.000" classname="data.driven.test.readWriteExcelLoopDemo">
    <skipped/>
  </testcase> <!-- ReadWrite -->
</testsuite> <!-- data.driven.test.readWriteExcelLoopDemo -->
