<?xml version="1.0" encoding="UTF-8"?>
<!-- Generated by org.testng.reporters.JUnitReportReporter -->
<testsuite skipped="0" hostname="WIN-NFDCINOH1RK" name="pageObjectModel.VerifyLogin_PgFactory" tests="1" failures="0" timestamp="2020-06-17T07:28:23 UTC" time="10.203" errors="0">
  <testcase name="ValidLogin__fact" time="10.203" classname="pageObjectModel.VerifyLogin_PgFactory"/>
</testsuite> <!-- pageObjectModel.VerifyLogin_PgFactory -->
